#options: 140x140 fps=30/1 timebase=1/30 bitdepth=8 cabac=1 ref=1 deblock=1:0:0 analyse=0x1:0 me=dia subme=2 psy=1 psy_rd=1.00:0.00 mixed_ref=0 me_range=16 chroma_me=1 trellis=0 8x8dct=0 cqm=0 deadzone=21,11 fast_pskip=1 chroma_qp_offset=0 threads=4 lookahead_threads=1 sliced_threads=0 nr=0 decimate=1 interlaced=0 bluray_compat=0 constrained_intra=0 bframes=8 b_pyramid=2 b_adapt=2 b_bias=0 direct=3 weightb=1 open_gop=0 weightp=2 keyint=250 keyint_min=25 scenecut=40 intra_refresh=0 rc_lookahead=60 rc=abr mbtree=1 bitrate=250 ratetol=1.0 qcomp=0.60 qpmin=0 qpmax=69 qpstep=4 ip_ratio=1.40 aq=1:1.00
in:0 out:0 type:I dur:2 cpbdur:2 q:31.55 aq:31.07 tex:26512 mv:2941 misc:99 imb:81 pmb:0 smb:0 d:- ref:;
in:5 out:1 type:P dur:2 cpbdur:2 q:31.84 aq:32.19 tex:18326 mv:884 misc:110 imb:11 pmb:69 smb:1 d:- ref:0 ;
in:2 out:2 type:B dur:2 cpbdur:2 q:31.84 aq:34.65 tex:7367 mv:834 misc:167 imb:3 pmb:63 smb:15 d:t ref:0 ;
in:1 out:3 type:b dur:2 cpbdur:2 q:31.84 aq:36.65 tex:2135 mv:579 misc:158 imb:0 pmb:76 smb:5 d:s ref:0 ;
in:3 out:4 type:b dur:2 cpbdur:2 q:31.84 aq:35.74 tex:3259 mv:807 misc:166 imb:0 pmb:66 smb:15 d:- ref:0 ;
in:4 out:5 type:b dur:2 cpbdur:2 q:31.84 aq:36.00 tex:1733 mv:483 misc:176 imb:0 pmb:58 smb:23 d:- ref:0 ;
in:7 out:6 type:P dur:2 cpbdur:2 q:35.84 aq:36.58 tex:6642 mv:681 misc:133 imb:0 pmb:80 smb:1 d:s ref:0 ;
in:6 out:7 type:b dur:2 cpbdur:2 q:33.84 aq:38.56 tex:1436 mv:633 misc:179 imb:0 pmb:55 smb:26 d:s ref:0 ;
in:9 out:8 type:P dur:2 cpbdur:2 q:35.13 aq:35.10 tex:12194 mv:834 misc:124 imb:6 pmb:75 smb:0 d:s ref:0 ;
in:8 out:9 type:b dur:2 cpbdur:2 q:35.48 aq:39.72 tex:1716 mv:861 misc:183 imb:0 pmb:57 smb:24 d:t ref:0 ;
in:12 out:10 type:P dur:2 cpbdur:2 q:34.09 aq:34.09 tex:12409 mv:793 misc:110 imb:6 pmb:75 smb:0 d:s ref:0 ;
in:10 out:11 type:B dur:2 cpbdur:2 q:34.78 aq:38.98 tex:626 mv:534 misc:200 imb:0 pmb:49 smb:32 d:s ref:0 ;
in:11 out:12 type:b dur:2 cpbdur:2 q:34.44 aq:39.00 tex:1575 mv:660 misc:189 imb:0 pmb:52 smb:29 d:- ref:0 ;
in:14 out:13 type:P dur:2 cpbdur:2 q:33.54 aq:33.64 tex:11031 mv:733 misc:124 imb:2 pmb:79 smb:0 d:s ref:0 ;
in:13 out:14 type:b dur:2 cpbdur:2 q:33.81 aq:39.00 tex:904 mv:498 misc:182 imb:0 pmb:40 smb:41 d:s ref:0 ;
in:15 out:15 type:P dur:2 cpbdur:2 q:33.45 aq:33.43 tex:10088 mv:624 misc:112 imb:0 pmb:81 smb:0 d:s ref:0 ;
in:18 out:16 type:P dur:2 cpbdur:2 q:33.08 aq:33.00 tex:15653 mv:891 misc:120 imb:6 pmb:75 smb:0 d:s ref:0 ;
in:16 out:17 type:B dur:2 cpbdur:2 q:33.33 aq:36.47 tex:4293 mv:1093 misc:174 imb:0 pmb:74 smb:7 d:s ref:0 ;
in:17 out:18 type:b dur:2 cpbdur:2 q:33.20 aq:37.85 tex:841 mv:510 misc:185 imb:0 pmb:53 smb:28 d:- ref:0 ;
in:21 out:19 type:P dur:2 cpbdur:2 q:33.03 aq:33.60 tex:13091 mv:796 misc:113 imb:6 pmb:75 smb:0 d:s ref:0 ;
in:19 out:20 type:B dur:2 cpbdur:2 q:33.06 aq:37.00 tex:2521 mv:835 misc:172 imb:0 pmb:67 smb:14 d:t ref:0 ;
in:20 out:21 type:b dur:2 cpbdur:2 q:33.05 aq:37.88 tex:1770 mv:631 misc:175 imb:0 pmb:60 smb:21 d:- ref:0 ;
in:23 out:22 type:P dur:2 cpbdur:2 q:32.92 aq:33.17 tex:13904 mv:825 misc:119 imb:7 pmb:74 smb:0 d:s ref:0 ;
in:22 out:23 type:b dur:2 cpbdur:2 q:32.97 aq:38.00 tex:1941 mv:809 misc:178 imb:0 pmb:57 smb:24 d:t ref:0 ;
in:24 out:24 type:P dur:2 cpbdur:2 q:32.99 aq:33.53 tex:7511 mv:441 misc:136 imb:1 pmb:77 smb:3 d:s ref:0 ;
in:27 out:25 type:P dur:2 cpbdur:2 q:32.75 aq:32.63 tex:16628 mv:847 misc:117 imb:7 pmb:74 smb:0 d:t ref:0 ;
in:25 out:26 type:B dur:2 cpbdur:2 q:32.91 aq:36.36 tex:5198 mv:1052 misc:166 imb:0 pmb:73 smb:8 d:t ref:0 ;
in:26 out:27 type:b dur:2 cpbdur:2 q:32.83 aq:37.09 tex:2889 mv:714 misc:173 imb:0 pmb:61 smb:20 d:- ref:0 ;
in:30 out:28 type:P dur:2 cpbdur:2 q:32.77 aq:32.49 tex:15584 mv:880 misc:120 imb:9 pmb:72 smb:0 d:t ref:0 ;
in:28 out:29 type:B dur:2 cpbdur:2 q:32.76 aq:36.05 tex:2032 mv:681 misc:159 imb:0 pmb:76 smb:5 d:s ref:0 ;
in:29 out:30 type:b dur:2 cpbdur:2 q:32.76 aq:36.72 tex:3929 mv:1014 misc:161 imb:1 pmb:67 smb:13 d:- ref:0 ;
in:34 out:31 type:P dur:2 cpbdur:2 q:32.87 aq:32.79 tex:16700 mv:884 misc:112 imb:14 pmb:67 smb:0 d:t ref:0 ;
in:32 out:32 type:B dur:2 cpbdur:2 q:32.82 aq:35.10 tex:6137 mv:807 misc:192 imb:0 pmb:58 smb:23 d:t ref:0 ;
in:31 out:33 type:b dur:2 cpbdur:2 q:32.79 aq:37.60 tex:1621 mv:594 misc:185 imb:0 pmb:46 smb:35 d:t ref:0 ;
in:33 out:34 type:b dur:2 cpbdur:2 q:32.84 aq:37.31 tex:1044 mv:434 misc:178 imb:0 pmb:48 smb:33 d:- ref:0 ;
in:40 out:35 type:P dur:2 cpbdur:2 q:33.13 aq:33.05 tex:18285 mv:973 misc:110 imb:16 pmb:65 smb:0 d:t ref:0 ;
in:37 out:36 type:B dur:2 cpbdur:2 q:33.00 aq:34.63 tex:8834 mv:1140 misc:162 imb:3 pmb:67 smb:11 d:t ref:0 ;
in:35 out:37 type:b dur:2 cpbdur:2 q:32.91 aq:37.11 tex:2236 mv:823 misc:173 imb:0 pmb:62 smb:19 d:t ref:0 ;
in:36 out:38 type:b dur:2 cpbdur:2 q:32.95 aq:37.20 tex:2913 mv:613 misc:170 imb:1 pmb:62 smb:18 d:t ref:0 ;
in:38 out:39 type:b dur:2 cpbdur:2 q:33.04 aq:37.42 tex:2835 mv:822 misc:175 imb:1 pmb:56 smb:24 d:- ref:0 ;
in:39 out:40 type:b dur:2 cpbdur:2 q:33.08 aq:37.27 tex:1907 mv:627 misc:162 imb:0 pmb:64 smb:17 d:- ref:0 ;
in:42 out:41 type:P dur:2 cpbdur:2 q:32.84 aq:32.79 tex:10991 mv:662 misc:131 imb:1 pmb:79 smb:1 d:t ref:0 ;
in:41 out:42 type:b dur:2 cpbdur:2 q:32.98 aq:37.58 tex:969 mv:328 misc:167 imb:0 pmb:31 smb:50 d:t ref:0 ;
in:43 out:43 type:P dur:2 cpbdur:2 q:32.59 aq:32.40 tex:10921 mv:605 misc:130 imb:0 pmb:79 smb:2 d:t ref:0 ;
in:45 out:44 type:P dur:2 cpbdur:2 q:32.49 aq:32.21 tex:12495 mv:658 misc:135 imb:2 pmb:78 smb:1 d:t ref:0 ;
in:44 out:45 type:b dur:2 cpbdur:2 q:32.54 aq:37.60 tex:868 mv:433 misc:171 imb:0 pmb:35 smb:46 d:t ref:0 ;
in:46 out:46 type:P dur:2 cpbdur:2 q:32.38 aq:32.07 tex:11563 mv:632 misc:109 imb:1 pmb:80 smb:0 d:t ref:0 ;
in:48 out:47 type:P dur:2 cpbdur:2 q:32.50 aq:31.98 tex:13228 mv:708 misc:128 imb:1 pmb:80 smb:0 d:t ref:0 ;
in:47 out:48 type:b dur:2 cpbdur:2 q:32.44 aq:37.00 tex:976 mv:444 misc:172 imb:0 pmb:34 smb:47 d:t ref:0 ;
in:51 out:49 type:P dur:2 cpbdur:2 q:32.41 aq:32.21 tex:13032 mv:783 misc:105 imb:4 pmb:77 smb:0 d:t ref:0 ;
in:49 out:50 type:B dur:2 cpbdur:2 q:32.47 aq:35.95 tex:1350 mv:620 misc:206 imb:0 pmb:55 smb:26 d:t ref:0 ;
in:50 out:51 type:b dur:2 cpbdur:2 q:32.44 aq:36.52 tex:1768 mv:732 misc:172 imb:0 pmb:59 smb:22 d:- ref:0 ;
in:54 out:52 type:P dur:2 cpbdur:2 q:32.38 aq:32.52 tex:15105 mv:893 misc:106 imb:7 pmb:74 smb:0 d:t ref:0 ;
in:52 out:53 type:B dur:2 cpbdur:2 q:32.40 aq:35.60 tex:3824 mv:856 misc:184 imb:0 pmb:64 smb:17 d:t ref:0 ;
in:53 out:54 type:b dur:2 cpbdur:2 q:32.39 aq:37.00 tex:1414 mv:618 misc:184 imb:0 pmb:46 smb:35 d:- ref:0 ;
in:55 out:55 type:P dur:2 cpbdur:2 q:32.21 aq:32.10 tex:11246 mv:653 misc:125 imb:0 pmb:79 smb:2 d:t ref:0 ;
in:58 out:56 type:P dur:2 cpbdur:2 q:32.41 aq:32.85 tex:13548 mv:885 misc:111 imb:6 pmb:75 smb:0 d:t ref:0 ;
in:56 out:57 type:B dur:2 cpbdur:2 q:32.27 aq:35.16 tex:2508 mv:601 misc:195 imb:1 pmb:45 smb:35 d:t ref:0 ;
in:57 out:58 type:b dur:2 cpbdur:2 q:32.34 aq:36.93 tex:1478 mv:708 misc:174 imb:0 pmb:54 smb:27 d:- ref:0 ;
in:59 out:59 type:P dur:2 cpbdur:2 q:32.26 aq:32.22 tex:12719 mv:740 misc:117 imb:2 pmb:79 smb:0 d:t ref:0 ;
in:62 out:60 type:P dur:2 cpbdur:2 q:32.43 aq:32.32 tex:15823 mv:826 misc:111 imb:11 pmb:70 smb:0 d:t ref:0 ;
in:60 out:61 type:B dur:2 cpbdur:2 q:32.32 aq:35.15 tex:4352 mv:605 misc:187 imb:0 pmb:52 smb:29 d:t ref:0 ;
in:61 out:62 type:b dur:2 cpbdur:2 q:32.37 aq:36.41 tex:1535 mv:665 misc:168 imb:0 pmb:65 smb:16 d:- ref:0 ;
in:67 out:63 type:P dur:2 cpbdur:2 q:32.29 aq:32.46 tex:18323 mv:946 misc:115 imb:14 pmb:67 smb:0 d:t ref:0 ;
in:64 out:64 type:B dur:2 cpbdur:2 q:32.38 aq:34.04 tex:8871 mv:1229 misc:164 imb:2 pmb:74 smb:5 d:t ref:0 ;
in:63 out:65 type:b dur:2 cpbdur:2 q:32.40 aq:36.93 tex:2826 mv:585 misc:189 imb:0 pmb:49 smb:32 d:t ref:0 ;
in:65 out:66 type:b dur:2 cpbdur:2 q:32.35 aq:36.98 tex:1079 mv:536 misc:177 imb:0 pmb:57 smb:24 d:- ref:0 ;
in:66 out:67 type:b dur:2 cpbdur:2 q:32.32 aq:36.15 tex:2002 mv:829 misc:169 imb:0 pmb:59 smb:22 d:- ref:0 ;
in:69 out:68 type:P dur:2 cpbdur:2 q:32.48 aq:32.44 tex:14162 mv:786 misc:116 imb:6 pmb:75 smb:0 d:t ref:0 ;
in:68 out:69 type:b dur:2 cpbdur:2 q:32.39 aq:36.47 tex:2852 mv:463 misc:181 imb:0 pmb:46 smb:35 d:t ref:0 ;
in:74 out:70 type:P dur:2 cpbdur:2 q:32.31 aq:32.65 tex:18308 mv:885 misc:103 imb:19 pmb:62 smb:0 d:t ref:0 ;
in:71 out:71 type:B dur:2 cpbdur:2 q:32.42 aq:34.36 tex:8173 mv:1202 misc:145 imb:0 pmb:78 smb:3 d:s ref:0 ;
in:70 out:72 type:b dur:2 cpbdur:2 q:32.45 aq:36.98 tex:2758 mv:724 misc:182 imb:0 pmb:57 smb:24 d:s ref:0 ;
in:72 out:73 type:b dur:2 cpbdur:2 q:32.38 aq:36.86 tex:2477 mv:889 misc:170 imb:0 pmb:61 smb:20 d:- ref:0 ;
in:73 out:74 type:b dur:2 cpbdur:2 q:32.35 aq:36.35 tex:2695 mv:954 misc:167 imb:0 pmb:65 smb:16 d:- ref:0 ;
in:77 out:75 type:P dur:2 cpbdur:2 q:32.42 aq:32.64 tex:14299 mv:870 misc:111 imb:12 pmb:69 smb:0 d:t ref:0 ;
in:75 out:76 type:B dur:2 cpbdur:2 q:32.35 aq:35.74 tex:4227 mv:930 misc:179 imb:1 pmb:65 smb:15 d:t ref:0 ;
in:76 out:77 type:b dur:2 cpbdur:2 q:32.38 aq:36.65 tex:1853 mv:553 misc:178 imb:1 pmb:44 smb:36 d:- ref:0 ;
in:80 out:78 type:P dur:2 cpbdur:2 q:32.19 aq:32.05 tex:16491 mv:898 misc:115 imb:13 pmb:68 smb:0 d:t ref:0 ;
in:78 out:79 type:B dur:2 cpbdur:2 q:32.34 aq:35.41 tex:5162 mv:1031 misc:167 imb:2 pmb:69 smb:10 d:t ref:0 ;
in:79 out:80 type:b dur:2 cpbdur:2 q:32.27 aq:36.28 tex:2131 mv:785 misc:172 imb:1 pmb:55 smb:25 d:- ref:0 ;
in:81 out:81 type:P dur:2 cpbdur:2 q:32.19 aq:32.01 tex:6517 mv:508 misc:119 imb:1 pmb:79 smb:1 d:t ref:0 ;
in:86 out:82 type:P dur:2 cpbdur:2 q:32.32 aq:32.16 tex:17106 mv:905 misc:109 imb:23 pmb:58 smb:0 d:t ref:0 ;
in:83 out:83 type:B dur:2 cpbdur:2 q:32.24 aq:33.54 tex:8995 mv:1157 misc:168 imb:1 pmb:75 smb:5 d:t ref:0 ;
in:82 out:84 type:b dur:2 cpbdur:2 q:32.21 aq:36.19 tex:2835 mv:601 misc:172 imb:0 pmb:47 smb:34 d:t ref:0 ;
in:84 out:85 type:b dur:2 cpbdur:2 q:32.27 aq:36.60 tex:1117 mv:386 misc:169 imb:0 pmb:50 smb:31 d:- ref:0 ;
in:85 out:86 type:b dur:2 cpbdur:2 q:32.29 aq:36.93 tex:2298 mv:689 misc:173 imb:0 pmb:53 smb:28 d:- ref:0 ;
in:90 out:87 type:P dur:2 cpbdur:2 q:32.35 aq:32.27 tex:16448 mv:910 misc:114 imb:19 pmb:61 smb:1 d:t ref:0 ;
in:88 out:88 type:B dur:2 cpbdur:2 q:32.33 aq:34.93 tex:6855 mv:890 misc:191 imb:3 pmb:52 smb:26 d:t ref:0 ;
in:87 out:89 type:b dur:2 cpbdur:2 q:32.33 aq:36.93 tex:2356 mv:641 misc:179 imb:0 pmb:48 smb:33 d:t ref:0 ;
in:89 out:90 type:b dur:2 cpbdur:2 q:32.34 aq:36.94 tex:3613 mv:899 misc:176 imb:2 pmb:58 smb:21 d:- ref:0 ;
in:92 out:91 type:P dur:2 cpbdur:2 q:32.16 aq:32.11 tex:12394 mv:773 misc:129 imb:7 pmb:72 smb:2 d:t ref:0 ;
in:91 out:92 type:b dur:2 cpbdur:2 q:32.25 aq:35.96 tex:2847 mv:654 misc:179 imb:0 pmb:47 smb:34 d:t ref:0 ;
in:93 out:93 type:P dur:2 cpbdur:2 q:32.13 aq:32.32 tex:7256 mv:488 misc:136 imb:0 pmb:75 smb:6 d:t ref:0 ;
in:94 out:94 type:P dur:2 cpbdur:2 q:32.11 aq:31.93 tex:9840 mv:623 misc:121 imb:1 pmb:77 smb:3 d:t ref:0 ;
in:99 out:95 type:P dur:2 cpbdur:2 q:32.19 aq:31.88 tex:18047 mv:934 misc:99 imb:25 pmb:56 smb:0 d:t ref:0 ;
in:96 out:96 type:B dur:2 cpbdur:2 q:32.14 aq:33.90 tex:9057 mv:1059 misc:164 imb:3 pmb:66 smb:12 d:t ref:0 ;
in:95 out:97 type:b dur:2 cpbdur:2 q:32.12 aq:36.90 tex:2548 mv:728 misc:164 imb:0 pmb:56 smb:25 d:s ref:0 ;
in:97 out:98 type:b dur:2 cpbdur:2 q:32.16 aq:36.09 tex:2516 mv:550 misc:166 imb:0 pmb:59 smb:22 d:- ref:0 ;
in:98 out:99 type:b dur:2 cpbdur:2 q:32.17 aq:36.63 tex:3811 mv:1033 misc:148 imb:0 pmb:61 smb:20 d:- ref:0 ;
in:103 out:100 type:P dur:2 cpbdur:2 q:32.30 aq:32.42 tex:15041 mv:876 misc:115 imb:16 pmb:64 smb:1 d:t ref:0 ;
in:101 out:101 type:B dur:2 cpbdur:2 q:32.24 aq:34.19 tex:5353 mv:897 misc:174 imb:1 pmb:60 smb:20 d:t ref:0 ;
in:100 out:102 type:b dur:2 cpbdur:2 q:32.22 aq:36.70 tex:1517 mv:507 misc:168 imb:0 pmb:38 smb:43 d:t ref:0 ;
in:102 out:103 type:b dur:2 cpbdur:2 q:32.27 aq:35.90 tex:2334 mv:702 misc:172 imb:0 pmb:53 smb:28 d:- ref:0 ;
in:105 out:104 type:P dur:2 cpbdur:2 q:32.13 aq:32.14 tex:10399 mv:761 misc:128 imb:6 pmb:74 smb:1 d:t ref:0 ;
in:104 out:105 type:b dur:2 cpbdur:2 q:32.21 aq:36.12 tex:1744 mv:512 misc:168 imb:2 pmb:33 smb:46 d:t ref:0 ;
in:106 out:106 type:P dur:2 cpbdur:2 q:32.04 aq:31.96 tex:9486 mv:725 misc:117 imb:2 pmb:79 smb:0 d:t ref:0 ;
in:107 out:107 type:P dur:2 cpbdur:2 q:32.00 aq:31.64 tex:7244 mv:560 misc:116 imb:1 pmb:79 smb:1 d:t ref:0 ;
in:110 out:108 type:P dur:2 cpbdur:2 q:32.04 aq:31.77 tex:14407 mv:935 misc:106 imb:10 pmb:71 smb:0 d:t ref:0 ;
in:108 out:109 type:B dur:2 cpbdur:2 q:32.01 aq:34.81 tex:4267 mv:1014 misc:199 imb:0 pmb:64 smb:17 d:t ref:0 ;
in:109 out:110 type:b dur:2 cpbdur:2 q:32.03 aq:36.21 tex:1911 mv:816 misc:185 imb:0 pmb:56 smb:25 d:- ref:0 ;
in:112 out:111 type:P dur:2 cpbdur:2 q:31.96 aq:31.84 tex:12345 mv:847 misc:120 imb:7 pmb:74 smb:0 d:t ref:0 ;
in:111 out:112 type:b dur:2 cpbdur:2 q:32.00 aq:35.47 tex:1705 mv:730 misc:181 imb:1 pmb:51 smb:29 d:t ref:0 ;
in:114 out:113 type:P dur:2 cpbdur:2 q:32.00 aq:32.27 tex:11008 mv:844 misc:132 imb:3 pmb:78 smb:0 d:t ref:0 ;
in:113 out:114 type:b dur:2 cpbdur:2 q:31.98 aq:36.53 tex:1810 mv:716 misc:186 imb:0 pmb:51 smb:30 d:t ref:0 ;
in:115 out:115 type:P dur:2 cpbdur:2 q:31.97 aq:32.04 tex:10884 mv:816 misc:108 imb:3 pmb:78 smb:0 d:t ref:0 ;
in:121 out:116 type:P dur:2 cpbdur:2 q:31.95 aq:31.79 tex:18414 mv:999 misc:99 imb:28 pmb:53 smb:0 d:t ref:0 ;
in:118 out:117 type:B dur:2 cpbdur:2 q:31.96 aq:33.32 tex:9444 mv:1506 misc:154 imb:4 pmb:73 smb:4 d:t ref:0 ;
in:116 out:118 type:b dur:2 cpbdur:2 q:31.97 aq:35.70 tex:2555 mv:716 misc:185 imb:2 pmb:50 smb:29 d:t ref:0 ;
in:117 out:119 type:b dur:2 cpbdur:2 q:31.97 aq:36.01 tex:1776 mv:635 misc:149 imb:0 pmb:74 smb:7 d:s ref:0 ;
in:119 out:120 type:b dur:2 cpbdur:2 q:31.96 aq:36.27 tex:3816 mv:1265 misc:143 imb:1 pmb:74 smb:6 d:- ref:0 ;
in:120 out:121 type:b dur:2 cpbdur:2 q:31.95 aq:36.07 tex:1506 mv:610 misc:164 imb:1 pmb:63 smb:17 d:- ref:0 ;
in:122 out:122 type:P dur:2 cpbdur:2 q:32.02 aq:31.89 tex:8650 mv:720 misc:126 imb:1 pmb:78 smb:2 d:t ref:0 ;
in:127 out:123 type:P dur:2 cpbdur:2 q:31.98 aq:31.99 tex:16098 mv:982 misc:120 imb:14 pmb:67 smb:0 d:t ref:0 ;
in:124 out:124 type:B dur:2 cpbdur:2 q:32.00 aq:34.04 tex:7416 mv:1343 misc:161 imb:3 pmb:66 smb:12 d:t ref:0 ;
in:123 out:125 type:b dur:2 cpbdur:2 q:32.01 aq:36.27 tex:2843 mv:984 misc:157 imb:0 pmb:65 smb:16 d:t ref:0 ;
in:125 out:126 type:b dur:2 cpbdur:2 q:31.99 aq:36.00 tex:2171 mv:750 misc:151 imb:2 pmb:59 smb:20 d:- ref:0 ;
in:126 out:127 type:b dur:2 cpbdur:2 q:31.98 aq:36.90 tex:2538 mv:995 misc:147 imb:1 pmb:66 smb:14 d:- ref:0 ;
in:131 out:128 type:P dur:2 cpbdur:2 q:31.91 aq:31.64 tex:16891 mv:908 misc:113 imb:17 pmb:64 smb:0 d:t ref:0 ;
in:129 out:129 type:B dur:2 cpbdur:2 q:31.95 aq:34.26 tex:7336 mv:1166 misc:178 imb:1 pmb:69 smb:11 d:t ref:0 ;
in:128 out:130 type:b dur:2 cpbdur:2 q:31.96 aq:36.00 tex:2810 mv:397 misc:185 imb:0 pmb:40 smb:41 d:t ref:0 ;
in:130 out:131 type:b dur:2 cpbdur:2 q:31.93 aq:36.00 tex:3091 mv:739 misc:178 imb:0 pmb:59 smb:22 d:- ref:0 ;
in:133 out:132 type:P dur:2 cpbdur:2 q:31.84 aq:31.68 tex:11223 mv:811 misc:126 imb:7 pmb:74 smb:0 d:t ref:0 ;
in:132 out:133 type:b dur:2 cpbdur:2 q:31.88 aq:36.68 tex:1516 mv:570 misc:170 imb:0 pmb:43 smb:38 d:t ref:0 ;
in:134 out:134 type:P dur:2 cpbdur:2 q:31.84 aq:32.00 tex:6884 mv:612 misc:120 imb:3 pmb:75 smb:3 d:t ref:0 ;
in:135 out:135 type:P dur:2 cpbdur:2 q:31.81 aq:31.28 tex:9640 mv:714 misc:126 imb:3 pmb:78 smb:0 d:t ref:0 ;
in:137 out:136 type:P dur:2 cpbdur:2 q:31.85 aq:31.47 tex:9156 mv:698 misc:130 imb:3 pmb:78 smb:0 d:t ref:0 ;
in:136 out:137 type:b dur:2 cpbdur:2 q:31.83 aq:35.46 tex:1010 mv:518 misc:160 imb:0 pmb:68 smb:13 d:s ref:0 ;
in:139 out:138 type:P dur:2 cpbdur:2 q:31.75 aq:32.12 tex:11774 mv:815 misc:115 imb:5 pmb:76 smb:0 d:t ref:0 ;
in:138 out:139 type:b dur:2 cpbdur:2 q:31.80 aq:36.00 tex:2096 mv:818 misc:174 imb:0 pmb:65 smb:16 d:t ref:0 ;
in:142 out:140 type:P dur:2 cpbdur:2 q:31.74 aq:31.88 tex:14464 mv:909 misc:115 imb:16 pmb:64 smb:1 d:t ref:0 ;
in:140 out:141 type:B dur:2 cpbdur:2 q:31.74 aq:34.91 tex:4961 mv:978 misc:173 imb:0 pmb:67 smb:14 d:t ref:0 ;
in:141 out:142 type:b dur:2 cpbdur:2 q:31.74 aq:35.79 tex:2502 mv:931 misc:167 imb:0 pmb:63 smb:18 d:- ref:0 ;
in:146 out:143 type:P dur:2 cpbdur:2 q:31.63 aq:31.54 tex:15930 mv:964 misc:122 imb:15 pmb:66 smb:0 d:t ref:0 ;
in:144 out:144 type:B dur:2 cpbdur:2 q:31.68 aq:34.41 tex:6284 mv:1004 misc:192 imb:4 pmb:55 smb:22 d:t ref:0 ;
in:143 out:145 type:b dur:2 cpbdur:2 q:31.71 aq:36.15 tex:3088 mv:891 misc:165 imb:0 pmb:68 smb:13 d:s ref:0 ;
in:145 out:146 type:b dur:2 cpbdur:2 q:31.66 aq:36.88 tex:2356 mv:875 misc:185 imb:0 pmb:57 smb:24 d:- ref:0 ;
in:147 out:147 type:P dur:2 cpbdur:2 q:31.70 aq:31.75 tex:8383 mv:704 misc:137 imb:3 pmb:75 smb:3 d:t ref:0 ;
in:149 out:148 type:P dur:2 cpbdur:2 q:31.74 aq:32.06 tex:11297 mv:845 misc:146 imb:8 pmb:71 smb:2 d:t ref:0 ;
in:148 out:149 type:b dur:2 cpbdur:2 q:31.72 aq:36.98 tex:2030 mv:758 misc:172 imb:0 pmb:59 smb:22 d:t ref:0 ;
in:151 out:150 type:P dur:2 cpbdur:2 q:31.69 aq:31.84 tex:10657 mv:823 misc:120 imb:9 pmb:72 smb:0 d:t ref:0 ;
in:150 out:151 type:b dur:2 cpbdur:2 q:31.72 aq:37.00 tex:2099 mv:796 misc:169 imb:1 pmb:56 smb:24 d:t ref:0 ;
in:152 out:152 type:P dur:2 cpbdur:2 q:31.69 aq:31.44 tex:10925 mv:699 misc:120 imb:5 pmb:74 smb:2 d:t ref:0 ;
in:154 out:153 type:P dur:2 cpbdur:2 q:31.68 aq:31.20 tex:11703 mv:733 misc:132 imb:5 pmb:75 smb:1 d:t ref:0 ;
in:153 out:154 type:b dur:2 cpbdur:2 q:31.69 aq:37.00 tex:1925 mv:395 misc:168 imb:0 pmb:30 smb:51 d:t ref:0 ;
in:158 out:155 type:P dur:2 cpbdur:2 q:31.63 aq:31.70 tex:16924 mv:888 misc:124 imb:19 pmb:59 smb:3 d:t ref:0 ;
in:156 out:156 type:B dur:2 cpbdur:2 q:31.65 aq:33.99 tex:6637 mv:1123 misc:176 imb:9 pmb:62 smb:10 d:t ref:0 ;
in:155 out:157 type:b dur:2 cpbdur:2 q:31.67 aq:36.21 tex:2208 mv:675 misc:181 imb:0 pmb:52 smb:29 d:t ref:0 ;
in:157 out:158 type:b dur:2 cpbdur:2 q:31.64 aq:36.22 tex:3085 mv:830 misc:173 imb:1 pmb:59 smb:21 d:- ref:0 ;
in:160 out:159 type:P dur:2 cpbdur:2 q:31.69 aq:31.91 tex:12823 mv:845 misc:132 imb:9 pmb:71 smb:1 d:t ref:0 ;
in:159 out:160 type:b dur:2 cpbdur:2 q:31.66 aq:36.58 tex:2834 mv:904 misc:166 imb:0 pmb:68 smb:13 d:s ref:0 ;
in:161 out:161 type:P dur:2 cpbdur:2 q:31.67 aq:31.84 tex:9228 mv:655 misc:125 imb:2 pmb:78 smb:1 d:t ref:0 ;
in:162 out:162 type:P dur:2 cpbdur:2 q:31.66 aq:31.19 tex:7583 mv:569 misc:144 imb:0 pmb:78 smb:3 d:t ref:0 ;
in:167 out:163 type:P dur:2 cpbdur:2 q:31.70 aq:31.83 tex:19273 mv:946 misc:109 imb:23 pmb:58 smb:0 d:t ref:0 ;
in:164 out:164 type:B dur:2 cpbdur:2 q:31.68 aq:33.85 tex:8569 mv:1310 misc:169 imb:2 pmb:71 smb:8 d:t ref:0 ;
in:163 out:165 type:b dur:2 cpbdur:2 q:31.67 aq:36.63 tex:2907 mv:885 misc:160 imb:0 pmb:70 smb:11 d:s ref:0 ;
in:165 out:166 type:b dur:2 cpbdur:2 q:31.69 aq:36.32 tex:4428 mv:1177 misc:163 imb:1 pmb:69 smb:11 d:- ref:0 ;
in:166 out:167 type:b dur:2 cpbdur:2 q:31.69 aq:36.31 tex:4011 mv:940 misc:161 imb:0 pmb:69 smb:12 d:- ref:0 ;
in:171 out:168 type:P dur:2 cpbdur:2 q:31.78 aq:31.01 tex:17999 mv:940 misc:109 imb:21 pmb:60 smb:0 d:t ref:0 ;
in:169 out:169 type:B dur:2 cpbdur:2 q:31.74 aq:34.46 tex:7523 mv:1262 misc:175 imb:2 pmb:69 smb:10 d:t ref:0 ;
in:168 out:170 type:b dur:2 cpbdur:2 q:31.72 aq:36.36 tex:3658 mv:971 misc:171 imb:1 pmb:67 smb:13 d:t ref:0 ;
in:170 out:171 type:b dur:2 cpbdur:2 q:31.76 aq:36.80 tex:2578 mv:851 misc:171 imb:0 pmb:58 smb:23 d:- ref:0 ;
in:175 out:172 type:P dur:2 cpbdur:2 q:31.77 aq:30.28 tex:18456 mv:972 misc:116 imb:19 pmb:62 smb:0 d:t ref:0 ;
in:173 out:173 type:B dur:2 cpbdur:2 q:31.78 aq:34.98 tex:6104 mv:1199 misc:177 imb:3 pmb:68 smb:10 d:s ref:0 ;
in:172 out:174 type:b dur:2 cpbdur:2 q:31.78 aq:36.54 tex:3747 mv:864 misc:173 imb:0 pmb:61 smb:20 d:t ref:0 ;
in:174 out:175 type:b dur:2 cpbdur:2 q:31.77 aq:36.56 tex:2655 mv:791 misc:170 imb:0 pmb:59 smb:22 d:- ref:0 ;
in:180 out:176 type:P dur:2 cpbdur:2 q:31.82 aq:31.06 tex:16697 mv:971 misc:116 imb:9 pmb:72 smb:0 d:t ref:0 ;
in:177 out:177 type:B dur:2 cpbdur:2 q:31.79 aq:33.86 tex:5935 mv:1180 misc:181 imb:0 pmb:68 smb:13 d:t ref:0 ;
in:176 out:178 type:b dur:2 cpbdur:2 q:31.78 aq:35.93 tex:1894 mv:519 misc:179 imb:0 pmb:41 smb:40 d:t ref:0 ;
in:178 out:179 type:b dur:2 cpbdur:2 q:31.80 aq:36.51 tex:2319 mv:751 misc:170 imb:0 pmb:64 smb:17 d:- ref:0 ;
in:179 out:180 type:b dur:2 cpbdur:2 q:31.81 aq:36.27 tex:2647 mv:944 misc:169 imb:0 pmb:67 smb:14 d:- ref:0 ;
in:182 out:181 type:P dur:2 cpbdur:2 q:31.81 aq:31.48 tex:9041 mv:637 misc:138 imb:1 pmb:77 smb:3 d:t ref:0 ;
in:181 out:182 type:b dur:2 cpbdur:2 q:31.82 aq:37.00 tex:829 mv:168 misc:155 imb:0 pmb:16 smb:65 d:t ref:0 ;
in:184 out:183 type:P dur:2 cpbdur:2 q:31.71 aq:31.28 tex:12149 mv:747 misc:128 imb:2 pmb:79 smb:0 d:t ref:0 ;
in:183 out:184 type:b dur:2 cpbdur:2 q:31.76 aq:36.05 tex:2289 mv:478 misc:177 imb:0 pmb:41 smb:40 d:t ref:0 ;
in:188 out:185 type:P dur:2 cpbdur:2 q:31.66 aq:31.11 tex:17170 mv:914 misc:108 imb:8 pmb:73 smb:0 d:t ref:0 ;
in:186 out:186 type:B dur:2 cpbdur:2 q:31.68 aq:33.58 tex:7328 mv:1184 misc:176 imb:0 pmb:72 smb:9 d:t ref:0 ;
in:185 out:187 type:b dur:2 cpbdur:2 q:31.69 aq:36.41 tex:2780 mv:725 misc:183 imb:0 pmb:64 smb:17 d:s ref:0 ;
in:187 out:188 type:b dur:2 cpbdur:2 q:31.67 aq:37.00 tex:2 mv:3 misc:99 imb:0 pmb:1 smb:80 d:- ref:0 ;
in:190 out:189 type:P dur:2 cpbdur:2 q:31.61 aq:31.09 tex:12143 mv:723 misc:134 imb:2 pmb:77 smb:2 d:t ref:0 ;
in:189 out:190 type:b dur:2 cpbdur:2 q:31.63 aq:36.58 tex:2054 mv:508 misc:182 imb:0 pmb:40 smb:41 d:t ref:0 ;
in:191 out:191 type:P dur:2 cpbdur:2 q:31.63 aq:31.30 tex:11316 mv:687 misc:117 imb:1 pmb:80 smb:0 d:t ref:0 ;
in:195 out:192 type:P dur:2 cpbdur:2 q:31.60 aq:31.63 tex:16631 mv:938 misc:127 imb:11 pmb:69 smb:1 d:t ref:0 ;
in:193 out:193 type:B dur:2 cpbdur:2 q:31.61 aq:33.81 tex:6576 mv:791 misc:193 imb:1 pmb:63 smb:17 d:t ref:0 ;
in:192 out:194 type:b dur:2 cpbdur:2 q:31.62 aq:36.26 tex:1515 mv:467 misc:178 imb:0 pmb:35 smb:46 d:t ref:0 ;
in:194 out:195 type:b dur:2 cpbdur:2 q:31.61 aq:36.51 tex:1890 mv:880 misc:166 imb:0 pmb:66 smb:15 d:- ref:0 ;
in:197 out:196 type:P dur:2 cpbdur:2 q:31.62 aq:31.56 tex:11433 mv:718 misc:137 imb:5 pmb:74 smb:2 d:t ref:0 ;
in:196 out:197 type:b dur:2 cpbdur:2 q:31.61 aq:36.10 tex:1241 mv:617 misc:182 imb:0 pmb:65 smb:16 d:s ref:0 ;
in:200 out:198 type:P dur:2 cpbdur:2 q:31.59 aq:31.42 tex:16020 mv:934 misc:118 imb:9 pmb:72 smb:0 d:t ref:0 ;
in:198 out:199 type:B dur:2 cpbdur:2 q:31.61 aq:34.96 tex:4948 mv:1007 misc:173 imb:0 pmb:70 smb:11 d:t ref:0 ;
in:199 out:200 type:b dur:2 cpbdur:2 q:31.60 aq:36.21 tex:2837 mv:891 misc:168 imb:0 pmb:68 smb:13 d:- ref:0 ;
in:202 out:201 type:P dur:2 cpbdur:2 q:31.54 aq:31.78 tex:12553 mv:786 misc:133 imb:2 pmb:79 smb:0 d:t ref:0 ;
in:201 out:202 type:b dur:2 cpbdur:2 q:31.56 aq:36.53 tex:2049 mv:568 misc:183 imb:0 pmb:44 smb:37 d:t ref:0 ;
in:205 out:203 type:P dur:2 cpbdur:2 q:31.58 aq:31.85 tex:17327 mv:910 misc:115 imb:7 pmb:74 smb:0 d:t ref:0 ;
in:203 out:204 type:B dur:2 cpbdur:2 q:31.55 aq:35.02 tex:5607 mv:976 misc:185 imb:0 pmb:69 smb:12 d:t ref:0 ;
in:204 out:205 type:b dur:2 cpbdur:2 q:31.57 aq:36.14 tex:2718 mv:868 misc:182 imb:0 pmb:59 smb:22 d:- ref:0 ;
in:210 out:206 type:P dur:2 cpbdur:2 q:31.58 aq:31.59 tex:20971 mv:979 misc:106 imb:18 pmb:63 smb:0 d:t ref:0 ;
in:207 out:207 type:B dur:2 cpbdur:2 q:31.58 aq:33.52 tex:8233 mv:1157 misc:170 imb:4 pmb:68 smb:9 d:t ref:0 ;
in:206 out:208 type:b dur:2 cpbdur:2 q:31.58 aq:36.00 tex:2326 mv:836 misc:174 imb:0 pmb:63 smb:18 d:s ref:0 ;
in:208 out:209 type:b dur:2 cpbdur:2 q:31.58 aq:35.95 tex:3104 mv:1070 misc:162 imb:2 pmb:71 smb:8 d:- ref:0 ;
in:209 out:210 type:b dur:2 cpbdur:2 q:31.58 aq:35.98 tex:3466 mv:1101 misc:161 imb:0 pmb:69 smb:12 d:- ref:0 ;
in:211 out:211 type:P dur:2 cpbdur:2 q:31.70 aq:32.12 tex:7295 mv:530 misc:119 imb:0 pmb:80 smb:1 d:t ref:0 ;
in:214 out:212 type:P dur:2 cpbdur:2 q:31.69 aq:31.84 tex:17912 mv:879 misc:121 imb:12 pmb:69 smb:0 d:t ref:0 ;
in:212 out:213 type:B dur:2 cpbdur:2 q:31.70 aq:35.00 tex:5017 mv:995 misc:172 imb:0 pmb:71 smb:10 d:t ref:0 ;
in:213 out:214 type:b dur:2 cpbdur:2 q:31.69 aq:36.00 tex:1454 mv:774 misc:180 imb:0 pmb:56 smb:25 d:- ref:0 ;
in:215 out:215 type:P dur:2 cpbdur:2 q:31.62 aq:32.04 tex:8162 mv:474 misc:116 imb:0 pmb:81 smb:0 d:t ref:0 ;
in:216 out:216 type:P dur:2 cpbdur:2 q:31.68 aq:31.86 tex:11758 mv:677 misc:117 imb:0 pmb:81 smb:0 d:t ref:0 ;
in:218 out:217 type:P dur:2 cpbdur:2 q:31.71 aq:32.23 tex:12672 mv:734 misc:138 imb:0 pmb:81 smb:0 d:t ref:0 ;
in:217 out:218 type:b dur:2 cpbdur:2 q:31.70 aq:36.00 tex:1553 mv:500 misc:187 imb:0 pmb:48 smb:33 d:t ref:0 ;
in:220 out:219 type:P dur:2 cpbdur:2 q:31.67 aq:31.88 tex:14642 mv:765 misc:113 imb:4 pmb:77 smb:0 d:t ref:0 ;
in:219 out:220 type:b dur:2 cpbdur:2 q:31.69 aq:36.09 tex:2478 mv:689 misc:185 imb:0 pmb:59 smb:22 d:t ref:0 ;
in:221 out:221 type:P dur:2 cpbdur:2 q:31.72 aq:31.54 tex:12496 mv:645 misc:107 imb:1 pmb:80 smb:0 d:t ref:0 ;
in:223 out:222 type:P dur:2 cpbdur:2 q:31.72 aq:31.85 tex:13508 mv:727 misc:125 imb:1 pmb:80 smb:0 d:t ref:0 ;
in:222 out:223 type:b dur:2 cpbdur:2 q:31.72 aq:36.23 tex:1689 mv:708 misc:163 imb:0 pmb:69 smb:12 d:s ref:0 ;
in:224 out:224 type:P dur:2 cpbdur:2 q:31.73 aq:32.05 tex:8610 mv:465 misc:109 imb:1 pmb:78 smb:2 d:t ref:0 ;
in:226 out:225 type:P dur:2 cpbdur:2 q:31.77 aq:31.54 tex:16614 mv:793 misc:121 imb:7 pmb:74 smb:0 d:t ref:0 ;
in:225 out:226 type:b dur:2 cpbdur:2 q:31.75 aq:35.98 tex:3022 mv:653 misc:181 imb:0 pmb:55 smb:26 d:t ref:0 ;
in:230 out:227 type:P dur:2 cpbdur:2 q:31.79 aq:31.89 tex:17825 mv:848 misc:111 imb:8 pmb:73 smb:0 d:t ref:0 ;
in:228 out:228 type:B dur:2 cpbdur:2 q:31.78 aq:33.94 tex:7374 mv:931 misc:175 imb:1 pmb:64 smb:16 d:t ref:0 ;
in:227 out:229 type:b dur:2 cpbdur:2 q:31.77 aq:36.56 tex:2756 mv:836 misc:160 imb:0 pmb:70 smb:11 d:s ref:0 ;
in:229 out:230 type:b dur:2 cpbdur:2 q:31.78 aq:37.00 tex:2 mv:3 misc:99 imb:0 pmb:1 smb:80 d:- ref:0 ;
in:233 out:231 type:P dur:2 cpbdur:2 q:31.84 aq:32.51 tex:17234 mv:836 misc:114 imb:8 pmb:73 smb:0 d:t ref:0 ;
in:231 out:232 type:B dur:2 cpbdur:2 q:31.81 aq:35.54 tex:3610 mv:1048 misc:166 imb:2 pmb:72 smb:7 d:t ref:0 ;
in:232 out:233 type:b dur:2 cpbdur:2 q:31.82 aq:36.72 tex:3182 mv:991 misc:163 imb:1 pmb:70 smb:10 d:- ref:0 ;
in:236 out:234 type:P dur:2 cpbdur:2 q:31.79 aq:33.47 tex:14369 mv:797 misc:114 imb:9 pmb:72 smb:0 d:t ref:0 ;
in:234 out:235 type:B dur:2 cpbdur:2 q:31.82 aq:35.67 tex:3398 mv:889 misc:177 imb:0 pmb:73 smb:8 d:t ref:0 ;
in:235 out:236 type:b dur:2 cpbdur:2 q:31.81 aq:36.00 tex:3181 mv:805 misc:158 imb:0 pmb:67 smb:14 d:- ref:0 ;
in:239 out:237 type:P dur:2 cpbdur:2 q:31.79 aq:36.16 tex:11314 mv:758 misc:128 imb:12 pmb:67 smb:2 d:t ref:0 ;
in:237 out:238 type:B dur:2 cpbdur:2 q:31.79 aq:34.63 tex:5374 mv:612 misc:182 imb:0 pmb:60 smb:21 d:t ref:0 ;
in:238 out:239 type:b dur:2 cpbdur:2 q:31.79 aq:36.02 tex:3241 mv:797 misc:178 imb:0 pmb:63 smb:18 d:- ref:0 ;
